<?xml version="1.0" encoding="UTF-8"?>
<!-- Generated by org.testng.reporters.JUnitXMLReporter -->
<testsuite ignored="0" hostname="DES320" failures="0" tests="8" name="Surefire test" time="18.229" errors="0" timestamp="2024-02-23T10:55:53 IST">
  <testcase classname="com.vspace.qa.TestCases.LoginTest" name="chckInvldEmailLoginTest" time="0.554"/>
  <testcase classname="com.vspace.qa.TestCases.LoginTest" name="chckInvldPasswdLoginTest" time="0.753"/>
  <testcase classname="com.vspace.qa.TestCases.LoginTest" name="chckblankemailLoginTest" time="0.162"/>
  <testcase classname="com.vspace.qa.TestCases.LoginTest" name="chckblankemailPasswsLoginTest" time="0.16"/>
  <testcase classname="com.vspace.qa.TestCases.LoginTest" name="chckblankpasswordLoginTest" time="0.179"/>
  <testcase classname="com.vspace.qa.TestCases.LoginTest" name="chckvldcredentialLoginTest" time="1.716"/>
  <testcase classname="com.vspace.qa.TestCases.OpportunityListingTest" name="oppListcountChck" time="1.988"/>
  <testcase classname="com.vspace.qa.TestCases.OpportunityListingTest" name="opportunityBtn_clcksuccess" time="1.945"/>
</testsuite> <!-- Surefire test -->
