<?xml version="1.0" encoding="UTF-8"?>
<!-- Generated by org.testng.reporters.JUnitXMLReporter -->
<testsuite ignored="0" hostname="LAP977PER" failures="0" tests="2" name="Default test" time="11.515" errors="0" timestamp="2024-02-29T13:15:59 IST">
  <testcase classname="com.vspace.qa.TestCases.OpportunityListingTest" name="TC007_opportunityBtn_clcksuccess" time="1.136"/>
  <testcase classname="com.vspace.qa.TestCases.OpportunityListingTest" name="TC008_oppListcountChck" time="1.727"/>
</testsuite> <!-- Default test -->
