<?xml version="1.0" encoding="UTF-8"?>
<!-- Generated by org.testng.reporters.JUnitXMLReporter -->
<testsuite ignored="0" hostname="LAP977PER" failures="0" tests="2" name="Default test" time="59.972" errors="0" timestamp="2024-03-05T12:28:46 IST">
  <testcase classname="com.vspace.qa.TestCases.testing" name="TC001_chckvldcredential_LoginTest" time="0.122"/>
  <testcase classname="com.vspace.qa.TestCases.testing" name="TC002_chckInvldEmail_LoginTest" time="44.697"/>
</testsuite> <!-- Default test -->
