<?xml version="1.0" encoding="UTF-8"?>
<!-- Generated by org.testng.reporters.JUnitXMLReporter -->
<testsuite ignored="0" hostname="LAP977PER" failures="0" tests="8" name="vspace_TestProject" time="44.984" errors="0" timestamp="2024-03-05T11:30:14 IST">
  <testcase classname="com.vspace.qa.TestCases.LoginTest" name="TC003_chckInvldPasswd_LoginTest" time="1.296"/>
  <testcase classname="com.vspace.qa.TestCases.LoginTest" name="TC001_chckvldcredential_LoginTest" time="2.255"/>
  <testcase classname="com.vspace.qa.TestCases.LoginTest" name="TC002_chckInvldEmail_LoginTest" time="1.188"/>
  <testcase classname="com.vspace.qa.TestCases.LoginTest" name="TC005_chckblankpassword_LoginTest" time="0.47"/>
  <testcase classname="com.vspace.qa.TestCases.LoginTest" name="TC006_chckblankemailPassws_LoginTest" time="0.441"/>
  <testcase classname="com.vspace.qa.TestCases.LoginTest" name="TC004_chckblankemail_LoginTest" time="0.446"/>
  <testcase classname="com.vspace.qa.TestCases.OpportunityListingTest" name="TC007_opportunityBtn_clcksuccess" time="1.784"/>
  <testcase classname="com.vspace.qa.TestCases.OpportunityListingTest" name="TC008_oppListcountChck" time="1.83"/>
</testsuite> <!-- vspace_TestProject -->
