<?xml version="1.0" encoding="UTF-8"?>
<testng-results ignored="0" total="2" passed="2" failed="0" skipped="0">
  <reporter-output>
  </reporter-output>
  <suite started-at="2024-03-05T12:34:09 IST" name="vspace_TestSuite" finished-at="2024-03-05T12:35:05 IST" duration-ms="55979">
    <groups>
    </groups>
    <test started-at="2024-03-05T12:34:09 IST" name="vspace_TestProject" finished-at="2024-03-05T12:35:05 IST" duration-ms="55979">
      <class name="com.vspace.qa.TestCases.testing">
        <test-method is-config="true" signature="initialization()[pri:0, instance:com.vspace.qa.TestCases.testing@efde75f]" started-at="2024-03-05T12:34:10 IST" name="initialization" finished-at="2024-03-05T12:34:15 IST" duration-ms="5541" status="PASS">
          <reporter-output>
          </reporter-output>
        </test-method> <!-- initialization -->
        <test-method signature="TC001_chckvldcredential_LoginTest()[pri:0, instance:com.vspace.qa.TestCases.testing@efde75f]" started-at="2024-03-05T12:34:15 IST" name="TC001_chckvldcredential_LoginTest" finished-at="2024-03-05T12:34:15 IST" duration-ms="132" status="PASS">
          <reporter-output>
          </reporter-output>
        </test-method> <!-- TC001_chckvldcredential_LoginTest -->
        <test-method is-config="true" signature="tearDown()[pri:0, instance:com.vspace.qa.TestCases.testing@efde75f]" started-at="2024-03-05T12:34:16 IST" name="tearDown" finished-at="2024-03-05T12:34:16 IST" duration-ms="108" status="PASS">
          <reporter-output>
          </reporter-output>
        </test-method> <!-- tearDown -->
        <test-method is-config="true" signature="initialization()[pri:0, instance:com.vspace.qa.TestCases.testing@efde75f]" started-at="2024-03-05T12:34:16 IST" name="initialization" finished-at="2024-03-05T12:34:21 IST" duration-ms="4731" status="PASS">
          <reporter-output>
          </reporter-output>
        </test-method> <!-- initialization -->
        <test-method signature="TC002_chckInvldEmail_LoginTest()[pri:0, instance:com.vspace.qa.TestCases.testing@efde75f]" started-at="2024-03-05T12:34:21 IST" name="TC002_chckInvldEmail_LoginTest" finished-at="2024-03-05T12:35:05 IST" duration-ms="44364" status="PASS">
          <reporter-output>
          </reporter-output>
        </test-method> <!-- TC002_chckInvldEmail_LoginTest -->
        <test-method is-config="true" signature="tearDown()[pri:0, instance:com.vspace.qa.TestCases.testing@efde75f]" started-at="2024-03-05T12:35:05 IST" name="tearDown" finished-at="2024-03-05T12:35:05 IST" duration-ms="103" status="PASS">
          <reporter-output>
          </reporter-output>
        </test-method> <!-- tearDown -->
      </class> <!-- com.vspace.qa.TestCases.testing -->
    </test> <!-- vspace_TestProject -->
  </suite> <!-- vspace_TestSuite -->
</testng-results>
