<?xml version="1.0" encoding="UTF-8"?>
<testng-results ignored="0" total="8" passed="8" failed="0" skipped="0">
  <reporter-output>
  </reporter-output>
  <suite started-at="2024-03-01T11:41:11 IST" name="vspace_TestSuite" finished-at="2024-03-01T11:41:44 IST" duration-ms="33044">
    <groups>
    </groups>
    <test started-at="2024-03-01T11:41:11 IST" name="vspace_TestProject" finished-at="2024-03-01T11:41:44 IST" duration-ms="33044">
      <class name="com.vspace.qa.TestCases.LoginTest">
        <test-method is-config="true" signature="initialization()[pri:0, instance:com.vspace.qa.TestCases.LoginTest@5c87bfe2]" started-at="2024-03-01T11:41:11 IST" name="initialization" finished-at="2024-03-01T11:41:15 IST" duration-ms="3305" status="PASS">
          <reporter-output>
          </reporter-output>
        </test-method> <!-- initialization -->
        <test-method signature="TC003_chckInvldPasswd_LoginTest()[pri:0, instance:com.vspace.qa.TestCases.LoginTest@5c87bfe2]" started-at="2024-03-01T11:41:15 IST" name="TC003_chckInvldPasswd_LoginTest" finished-at="2024-03-01T11:41:16 IST" duration-ms="1059" status="PASS">
          <reporter-output>
          </reporter-output>
        </test-method> <!-- TC003_chckInvldPasswd_LoginTest -->
        <test-method is-config="true" signature="tearDown()[pri:0, instance:com.vspace.qa.TestCases.LoginTest@5c87bfe2]" started-at="2024-03-01T11:41:16 IST" name="tearDown" finished-at="2024-03-01T11:41:17 IST" duration-ms="103" status="PASS">
          <reporter-output>
          </reporter-output>
        </test-method> <!-- tearDown -->
        <test-method is-config="true" signature="initialization()[pri:0, instance:com.vspace.qa.TestCases.LoginTest@5c87bfe2]" started-at="2024-03-01T11:41:17 IST" name="initialization" finished-at="2024-03-01T11:41:19 IST" duration-ms="2232" status="PASS">
          <reporter-output>
          </reporter-output>
        </test-method> <!-- initialization -->
        <test-method signature="TC001_chckvldcredential_LoginTest()[pri:0, instance:com.vspace.qa.TestCases.LoginTest@5c87bfe2]" started-at="2024-03-01T11:41:19 IST" name="TC001_chckvldcredential_LoginTest" finished-at="2024-03-01T11:41:21 IST" duration-ms="1856" status="PASS">
          <reporter-output>
          </reporter-output>
        </test-method> <!-- TC001_chckvldcredential_LoginTest -->
        <test-method is-config="true" signature="tearDown()[pri:0, instance:com.vspace.qa.TestCases.LoginTest@5c87bfe2]" started-at="2024-03-01T11:41:21 IST" name="tearDown" finished-at="2024-03-01T11:41:21 IST" duration-ms="110" status="PASS">
          <reporter-output>
          </reporter-output>
        </test-method> <!-- tearDown -->
        <test-method is-config="true" signature="initialization()[pri:0, instance:com.vspace.qa.TestCases.LoginTest@5c87bfe2]" started-at="2024-03-01T11:41:21 IST" name="initialization" finished-at="2024-03-01T11:41:23 IST" duration-ms="2276" status="PASS">
          <reporter-output>
          </reporter-output>
        </test-method> <!-- initialization -->
        <test-method signature="TC002_chckInvldEmail_LoginTest()[pri:0, instance:com.vspace.qa.TestCases.LoginTest@5c87bfe2]" started-at="2024-03-01T11:41:23 IST" name="TC002_chckInvldEmail_LoginTest" finished-at="2024-03-01T11:41:24 IST" duration-ms="1104" status="PASS">
          <reporter-output>
          </reporter-output>
        </test-method> <!-- TC002_chckInvldEmail_LoginTest -->
        <test-method is-config="true" signature="tearDown()[pri:0, instance:com.vspace.qa.TestCases.LoginTest@5c87bfe2]" started-at="2024-03-01T11:41:24 IST" name="tearDown" finished-at="2024-03-01T11:41:24 IST" duration-ms="114" status="PASS">
          <reporter-output>
          </reporter-output>
        </test-method> <!-- tearDown -->
        <test-method is-config="true" signature="initialization()[pri:0, instance:com.vspace.qa.TestCases.LoginTest@5c87bfe2]" started-at="2024-03-01T11:41:24 IST" name="initialization" finished-at="2024-03-01T11:41:27 IST" duration-ms="2136" status="PASS">
          <reporter-output>
          </reporter-output>
        </test-method> <!-- initialization -->
        <test-method signature="TC005_chckblankpassword_LoginTest()[pri:0, instance:com.vspace.qa.TestCases.LoginTest@5c87bfe2]" started-at="2024-03-01T11:41:27 IST" name="TC005_chckblankpassword_LoginTest" finished-at="2024-03-01T11:41:27 IST" duration-ms="472" status="PASS">
          <reporter-output>
          </reporter-output>
        </test-method> <!-- TC005_chckblankpassword_LoginTest -->
        <test-method is-config="true" signature="tearDown()[pri:0, instance:com.vspace.qa.TestCases.LoginTest@5c87bfe2]" started-at="2024-03-01T11:41:27 IST" name="tearDown" finished-at="2024-03-01T11:41:27 IST" duration-ms="137" status="PASS">
          <reporter-output>
          </reporter-output>
        </test-method> <!-- tearDown -->
        <test-method is-config="true" signature="initialization()[pri:0, instance:com.vspace.qa.TestCases.LoginTest@5c87bfe2]" started-at="2024-03-01T11:41:27 IST" name="initialization" finished-at="2024-03-01T11:41:29 IST" duration-ms="2059" status="PASS">
          <reporter-output>
          </reporter-output>
        </test-method> <!-- initialization -->
        <test-method signature="TC006_chckblankemailPassws_LoginTest()[pri:0, instance:com.vspace.qa.TestCases.LoginTest@5c87bfe2]" started-at="2024-03-01T11:41:29 IST" name="TC006_chckblankemailPassws_LoginTest" finished-at="2024-03-01T11:41:30 IST" duration-ms="451" status="PASS">
          <reporter-output>
          </reporter-output>
        </test-method> <!-- TC006_chckblankemailPassws_LoginTest -->
        <test-method is-config="true" signature="tearDown()[pri:0, instance:com.vspace.qa.TestCases.LoginTest@5c87bfe2]" started-at="2024-03-01T11:41:30 IST" name="tearDown" finished-at="2024-03-01T11:41:30 IST" duration-ms="103" status="PASS">
          <reporter-output>
          </reporter-output>
        </test-method> <!-- tearDown -->
        <test-method is-config="true" signature="initialization()[pri:0, instance:com.vspace.qa.TestCases.LoginTest@5c87bfe2]" started-at="2024-03-01T11:41:30 IST" name="initialization" finished-at="2024-03-01T11:41:32 IST" duration-ms="2234" status="PASS">
          <reporter-output>
          </reporter-output>
        </test-method> <!-- initialization -->
        <test-method signature="TC004_chckblankemail_LoginTest()[pri:0, instance:com.vspace.qa.TestCases.LoginTest@5c87bfe2]" started-at="2024-03-01T11:41:32 IST" name="TC004_chckblankemail_LoginTest" finished-at="2024-03-01T11:41:33 IST" depends-on-methods="com.vspace.qa.TestCases.LoginTest.TC003_chckInvldPasswd_LoginTest" duration-ms="456" status="PASS">
          <reporter-output>
          </reporter-output>
        </test-method> <!-- TC004_chckblankemail_LoginTest -->
        <test-method is-config="true" signature="tearDown()[pri:0, instance:com.vspace.qa.TestCases.LoginTest@5c87bfe2]" started-at="2024-03-01T11:41:33 IST" name="tearDown" finished-at="2024-03-01T11:41:33 IST" duration-ms="102" status="PASS">
          <reporter-output>
          </reporter-output>
        </test-method> <!-- tearDown -->
      </class> <!-- com.vspace.qa.TestCases.LoginTest -->
      <class name="com.vspace.qa.TestCases.OpportunityListingTest">
        <test-method is-config="true" signature="initialization()[pri:0, instance:com.vspace.qa.TestCases.OpportunityListingTest@60f7cc1d]" started-at="2024-03-01T11:41:33 IST" name="initialization" finished-at="2024-03-01T11:41:37 IST" duration-ms="4116" status="PASS">
          <reporter-output>
          </reporter-output>
        </test-method> <!-- initialization -->
        <test-method signature="TC007_opportunityBtn_clcksuccess()[pri:0, instance:com.vspace.qa.TestCases.OpportunityListingTest@60f7cc1d]" started-at="2024-03-01T11:41:37 IST" name="TC007_opportunityBtn_clcksuccess" finished-at="2024-03-01T11:41:38 IST" duration-ms="1247" status="PASS">
          <reporter-output>
          </reporter-output>
        </test-method> <!-- TC007_opportunityBtn_clcksuccess -->
        <test-method is-config="true" signature="tearDown()[pri:0, instance:com.vspace.qa.TestCases.OpportunityListingTest@60f7cc1d]" started-at="2024-03-01T11:41:38 IST" name="tearDown" finished-at="2024-03-01T11:41:38 IST" duration-ms="111" status="PASS">
          <reporter-output>
          </reporter-output>
        </test-method> <!-- tearDown -->
        <test-method is-config="true" signature="initialization()[pri:0, instance:com.vspace.qa.TestCases.OpportunityListingTest@60f7cc1d]" started-at="2024-03-01T11:41:38 IST" name="initialization" finished-at="2024-03-01T11:41:42 IST" duration-ms="4182" status="PASS">
          <reporter-output>
          </reporter-output>
        </test-method> <!-- initialization -->
        <test-method signature="TC008_oppListcountChck()[pri:0, instance:com.vspace.qa.TestCases.OpportunityListingTest@60f7cc1d]" started-at="2024-03-01T11:41:42 IST" name="TC008_oppListcountChck" finished-at="2024-03-01T11:41:44 IST" duration-ms="1638" status="PASS">
          <reporter-output>
          </reporter-output>
        </test-method> <!-- TC008_oppListcountChck -->
        <test-method is-config="true" signature="tearDown()[pri:0, instance:com.vspace.qa.TestCases.OpportunityListingTest@60f7cc1d]" started-at="2024-03-01T11:41:44 IST" name="tearDown" finished-at="2024-03-01T11:41:44 IST" duration-ms="124" status="PASS">
          <reporter-output>
          </reporter-output>
        </test-method> <!-- tearDown -->
      </class> <!-- com.vspace.qa.TestCases.OpportunityListingTest -->
    </test> <!-- vspace_TestProject -->
  </suite> <!-- vspace_TestSuite -->
</testng-results>
