<?xml version="1.0" encoding="UTF-8"?>
<testsuite xmlns:xsi="http://www.w3.org/2001/XMLSchema-instance" xsi:noNamespaceSchemaLocation="https://maven.apache.org/surefire/maven-surefire-plugin/xsd/surefire-test-report-3.0.xsd" version="3.0" name="TestSuite" time="57.249" tests="2" errors="0" skipped="0" failures="0">
  <properties>
[...]
</properties>
  <testcase name="TC001_chckvldcredential_LoginTest" classname="com.vspace.qa.TestCases.testing" time="0.81">
    <system-out><![CDATA[12:34:12.807 [main] INFO  com.vspace.qa.utility.WebEventlistener - Browser Opened.
12:34:15.526 [main] INFO  com.vspace.qa.utility.WebEventlistener - Navigated to: http://www.google.com Successfully.
12:34:15.576 [main] INFO  com.vspace.qa.utility.WebEventlistener - Script waited for :PT3S: implicit wait
12:34:15.709 [main] INFO  com.vspace.qa.utility.WebEventlistener - Value passed in [[ChromeDriver: chrome-headless-shell on windows (18def31b45d8d479397c8085e82c5d1d)] -> xpath: //textarea[@id='APjFqb']] is [Ljava.lang.CharSequence;@3f018494
12:34:16.388 [main] INFO  com.vspace.qa.utility.WebEventlistener - TC001_chckvldcredential_LoginTest : is passed successfully.
]]></system-out>
    <system-err><![CDATA[SLF4J: Failed to load class "org.slf4j.impl.StaticLoggerBinder".
SLF4J: Defaulting to no-operation (NOP) logger implementation
SLF4J: See http://www.slf4j.org/codes.html#StaticLoggerBinder for further details.
]]></system-err>
  </testcase>
  <testcase name="TC002_chckInvldEmail_LoginTest" classname="com.vspace.qa.TestCases.testing" time="44.446">
    <system-out><![CDATA[12:34:16.497 [main] INFO  com.vspace.qa.utility.WebEventlistener - Browser Closed 
***********************************************************
12:34:18.247 [main] INFO  com.vspace.qa.utility.WebEventlistener - Browser Opened.
12:34:21.191 [main] INFO  com.vspace.qa.utility.WebEventlistener - Navigated to: http://www.google.com Successfully.
12:34:21.230 [main] INFO  com.vspace.qa.utility.WebEventlistener - Script waited for :PT3S: implicit wait
12:34:21.348 [main] INFO  com.vspace.qa.utility.WebEventlistener - Value passed in [[ChromeDriver: chrome-headless-shell on windows (8a979ab45ff94d6181062f8ee0f2ea39)] -> xpath: //textarea[@id='APjFqb']] is [Ljava.lang.CharSequence;@7e52a26b
12:35:05.593 [main] INFO  com.vspace.qa.utility.WebEventlistener - [[ChromeDriver: chrome-headless-shell on windows (8a979ab45ff94d6181062f8ee0f2ea39)] -> xpath: //div[@class='FPdoLc lJ9FBc']//input[@name='btnK']]: is clicked succesfully
12:35:05.676 [main] INFO  com.vspace.qa.utility.WebEventlistener - TC002_chckInvldEmail_LoginTest : is passed successfully.
]]></system-out>
  </testcase>
</testsuite>