<?xml version="1.0" encoding="UTF-8"?>
<testsuite xmlns:xsi="http://www.w3.org/2001/XMLSchema-instance" xsi:noNamespaceSchemaLocation="https://maven.apache.org/surefire/maven-surefire-plugin/xsd/surefire-test-report-3.0.xsd" version="3.0" name="TestSuite" time="16.9" tests="2" errors="0" skipped="0" failures="0">
  <properties>
[...]
</properties>
  <testcase name="TC001_chckvldcredential_LoginTest" classname="com.vspace.qa.TestCases.testing" time="0.876">
    <system-out><![CDATA[12:40:07.870 [main] INFO  com.vspace.qa.utility.WebEventlistener - Browser Opened.
12:40:10.815 [main] INFO  com.vspace.qa.utility.WebEventlistener - Navigated to: http://www.google.com Successfully.
12:40:10.851 [main] INFO  com.vspace.qa.utility.WebEventlistener - Script waited for :PT3S: implicit wait
12:40:10.996 [main] INFO  com.vspace.qa.utility.WebEventlistener - Value passed in [[ChromeDriver: chrome-headless-shell on windows (dc12a052f9eea5addd0bf3480af3af04)] -> xpath: //textarea[@id='APjFqb']] is [Ljava.lang.CharSequence;@53d13cd4
12:40:11.730 [main] INFO  com.vspace.qa.utility.WebEventlistener - TC001_chckvldcredential_LoginTest : is passed successfully.
]]></system-out>
    <system-err><![CDATA[SLF4J: Failed to load class "org.slf4j.impl.StaticLoggerBinder".
SLF4J: Defaulting to no-operation (NOP) logger implementation
SLF4J: See http://www.slf4j.org/codes.html#StaticLoggerBinder for further details.
]]></system-err>
  </testcase>
  <testcase name="TC002_chckInvldEmail_LoginTest" classname="com.vspace.qa.TestCases.testing" time="2.314">
    <system-out><![CDATA[12:40:11.837 [main] INFO  com.vspace.qa.utility.WebEventlistener - Browser Closed 
***********************************************************
12:40:13.605 [main] INFO  com.vspace.qa.utility.WebEventlistener - Browser Opened.
12:40:16.416 [main] INFO  com.vspace.qa.utility.WebEventlistener - Navigated to: http://www.google.com Successfully.
12:40:16.455 [main] INFO  com.vspace.qa.utility.WebEventlistener - Script waited for :PT3S: implicit wait
12:40:16.570 [main] INFO  com.vspace.qa.utility.WebEventlistener - Value passed in [[ChromeDriver: chrome-headless-shell on windows (9ef07be7a4a7ebf5bf9228cd9abe14c9)] -> xpath: //textarea[@id='APjFqb']] is [Ljava.lang.CharSequence;@5efeb117
12:40:18.691 [main] INFO  com.vspace.qa.utility.WebEventlistener - [[ChromeDriver: chrome-headless-shell on windows (9ef07be7a4a7ebf5bf9228cd9abe14c9)] -> xpath: //div[@class='FPdoLc lJ9FBc']//input[@name='btnK']]: is clicked succesfully
12:40:18.769 [main] INFO  com.vspace.qa.utility.WebEventlistener - TC002_chckInvldEmail_LoginTest : is passed successfully.
]]></system-out>
  </testcase>
</testsuite>