<?xml version="1.0" encoding="UTF-8"?>
<!-- Generated by org.testng.reporters.JUnitXMLReporter -->
<testsuite ignored="0" hostname="LAP977PER" failures="0" tests="8" name="vtask_TestProject" time="37.168" errors="0" timestamp="2024-02-26T16:39:33 IST">
  <testcase classname="com.vspace.qa.TestCases.LoginTest" name="chckInvldEmailLoginTest" time="1.08"/>
  <testcase classname="com.vspace.qa.TestCases.LoginTest" name="chckInvldPasswdLoginTest" time="0.991"/>
  <testcase classname="com.vspace.qa.TestCases.LoginTest" name="chckblankemailLoginTest" time="0.42"/>
  <testcase classname="com.vspace.qa.TestCases.LoginTest" name="chckblankemailPasswsLoginTest" time="0.644"/>
  <testcase classname="com.vspace.qa.TestCases.LoginTest" name="chckblankpasswordLoginTest" time="0.437"/>
  <testcase classname="com.vspace.qa.TestCases.LoginTest" name="chckvldcredentialLoginTest" time="2.273"/>
  <testcase classname="com.vspace.qa.TestCases.OpportunityListingTest" name="oppListcountChck" time="3.487"/>
  <testcase classname="com.vspace.qa.TestCases.OpportunityListingTest" name="opportunityBtn_clcksuccess" time="4.096"/>
</testsuite> <!-- vtask_TestProject -->
