<?xml version="1.0" encoding="UTF-8"?>
<testng-results ignored="0" total="2" passed="2" failed="0" skipped="0">
  <reporter-output>
  </reporter-output>
  <suite started-at="2024-02-29T13:15:48 IST" name="Default suite" finished-at="2024-02-29T13:15:59 IST" duration-ms="11515">
    <groups>
    </groups>
    <test started-at="2024-02-29T13:15:48 IST" name="Default test" finished-at="2024-02-29T13:15:59 IST" duration-ms="11515">
      <class name="com.vspace.qa.TestCases.OpportunityListingTest">
        <test-method is-config="true" signature="initialization()[pri:0, instance:com.vspace.qa.TestCases.OpportunityListingTest@25fb8912]" started-at="2024-02-29T13:15:48 IST" name="initialization" finished-at="2024-02-29T13:15:52 IST" duration-ms="4540" status="PASS">
          <reporter-output>
          </reporter-output>
        </test-method> <!-- initialization -->
        <test-method signature="TC007_opportunityBtn_clcksuccess()[pri:0, instance:com.vspace.qa.TestCases.OpportunityListingTest@25fb8912]" started-at="2024-02-29T13:15:52 IST" name="TC007_opportunityBtn_clcksuccess" finished-at="2024-02-29T13:15:53 IST" duration-ms="1136" status="PASS">
          <reporter-output>
          </reporter-output>
        </test-method> <!-- TC007_opportunityBtn_clcksuccess -->
        <test-method is-config="true" signature="tearDown()[pri:0, instance:com.vspace.qa.TestCases.OpportunityListingTest@25fb8912]" started-at="2024-02-29T13:15:53 IST" name="tearDown" finished-at="2024-02-29T13:15:53 IST" duration-ms="137" status="PASS">
          <reporter-output>
          </reporter-output>
        </test-method> <!-- tearDown -->
        <test-method is-config="true" signature="initialization()[pri:0, instance:com.vspace.qa.TestCases.OpportunityListingTest@25fb8912]" started-at="2024-02-29T13:15:53 IST" name="initialization" finished-at="2024-02-29T13:15:57 IST" duration-ms="3867" status="PASS">
          <reporter-output>
          </reporter-output>
        </test-method> <!-- initialization -->
        <test-method signature="TC008_oppListcountChck()[pri:0, instance:com.vspace.qa.TestCases.OpportunityListingTest@25fb8912]" started-at="2024-02-29T13:15:57 IST" name="TC008_oppListcountChck" finished-at="2024-02-29T13:15:59 IST" duration-ms="1727" status="PASS">
          <reporter-output>
          </reporter-output>
        </test-method> <!-- TC008_oppListcountChck -->
        <test-method is-config="true" signature="tearDown()[pri:0, instance:com.vspace.qa.TestCases.OpportunityListingTest@25fb8912]" started-at="2024-02-29T13:15:59 IST" name="tearDown" finished-at="2024-02-29T13:15:59 IST" duration-ms="77" status="PASS">
          <reporter-output>
          </reporter-output>
        </test-method> <!-- tearDown -->
      </class> <!-- com.vspace.qa.TestCases.OpportunityListingTest -->
    </test> <!-- Default test -->
  </suite> <!-- Default suite -->
</testng-results>
