<?xml version="1.0" encoding="UTF-8"?>
<testng-results ignored="0" total="8" passed="8" failed="0" skipped="0">
  <reporter-output>
  </reporter-output>
  <suite started-at="2024-03-05T10:15:22 IST" name="vspace_TestSuite" finished-at="2024-03-05T10:15:58 IST" duration-ms="35106">
    <groups>
    </groups>
    <test started-at="2024-03-05T10:15:22 IST" name="vspace_TestProject" finished-at="2024-03-05T10:15:58 IST" duration-ms="35106">
      <class name="com.vspace.qa.TestCases.LoginTest">
        <test-method is-config="true" signature="initialization()[pri:0, instance:com.vspace.qa.TestCases.LoginTest@3e34ace1]" started-at="2024-03-05T10:15:23 IST" name="initialization" finished-at="2024-03-05T10:15:26 IST" duration-ms="3231" status="PASS">
          <reporter-output>
          </reporter-output>
        </test-method> <!-- initialization -->
        <test-method signature="TC003_chckInvldPasswd_LoginTest()[pri:0, instance:com.vspace.qa.TestCases.LoginTest@3e34ace1]" started-at="2024-03-05T10:15:26 IST" name="TC003_chckInvldPasswd_LoginTest" finished-at="2024-03-05T10:15:27 IST" duration-ms="1113" status="PASS">
          <reporter-output>
          </reporter-output>
        </test-method> <!-- TC003_chckInvldPasswd_LoginTest -->
        <test-method is-config="true" signature="tearDown()[pri:0, instance:com.vspace.qa.TestCases.LoginTest@3e34ace1]" started-at="2024-03-05T10:15:28 IST" name="tearDown" finished-at="2024-03-05T10:15:28 IST" duration-ms="117" status="PASS">
          <reporter-output>
          </reporter-output>
        </test-method> <!-- tearDown -->
        <test-method is-config="true" signature="initialization()[pri:0, instance:com.vspace.qa.TestCases.LoginTest@3e34ace1]" started-at="2024-03-05T10:15:28 IST" name="initialization" finished-at="2024-03-05T10:15:30 IST" duration-ms="2193" status="PASS">
          <reporter-output>
          </reporter-output>
        </test-method> <!-- initialization -->
        <test-method signature="TC001_chckvldcredential_LoginTest()[pri:0, instance:com.vspace.qa.TestCases.LoginTest@3e34ace1]" started-at="2024-03-05T10:15:30 IST" name="TC001_chckvldcredential_LoginTest" finished-at="2024-03-05T10:15:32 IST" duration-ms="1685" status="PASS">
          <reporter-output>
          </reporter-output>
        </test-method> <!-- TC001_chckvldcredential_LoginTest -->
        <test-method is-config="true" signature="tearDown()[pri:0, instance:com.vspace.qa.TestCases.LoginTest@3e34ace1]" started-at="2024-03-05T10:15:32 IST" name="tearDown" finished-at="2024-03-05T10:15:32 IST" duration-ms="140" status="PASS">
          <reporter-output>
          </reporter-output>
        </test-method> <!-- tearDown -->
        <test-method is-config="true" signature="initialization()[pri:0, instance:com.vspace.qa.TestCases.LoginTest@3e34ace1]" started-at="2024-03-05T10:15:32 IST" name="initialization" finished-at="2024-03-05T10:15:34 IST" duration-ms="2158" status="PASS">
          <reporter-output>
          </reporter-output>
        </test-method> <!-- initialization -->
        <test-method signature="TC002_chckInvldEmail_LoginTest()[pri:0, instance:com.vspace.qa.TestCases.LoginTest@3e34ace1]" started-at="2024-03-05T10:15:34 IST" name="TC002_chckInvldEmail_LoginTest" finished-at="2024-03-05T10:15:35 IST" duration-ms="963" status="PASS">
          <reporter-output>
          </reporter-output>
        </test-method> <!-- TC002_chckInvldEmail_LoginTest -->
        <test-method is-config="true" signature="tearDown()[pri:0, instance:com.vspace.qa.TestCases.LoginTest@3e34ace1]" started-at="2024-03-05T10:15:35 IST" name="tearDown" finished-at="2024-03-05T10:15:35 IST" duration-ms="108" status="PASS">
          <reporter-output>
          </reporter-output>
        </test-method> <!-- tearDown -->
        <test-method is-config="true" signature="initialization()[pri:0, instance:com.vspace.qa.TestCases.LoginTest@3e34ace1]" started-at="2024-03-05T10:15:35 IST" name="initialization" finished-at="2024-03-05T10:15:38 IST" duration-ms="2272" status="PASS">
          <reporter-output>
          </reporter-output>
        </test-method> <!-- initialization -->
        <test-method signature="TC005_chckblankpassword_LoginTest()[pri:0, instance:com.vspace.qa.TestCases.LoginTest@3e34ace1]" started-at="2024-03-05T10:15:38 IST" name="TC005_chckblankpassword_LoginTest" finished-at="2024-03-05T10:15:38 IST" duration-ms="515" status="PASS">
          <reporter-output>
          </reporter-output>
        </test-method> <!-- TC005_chckblankpassword_LoginTest -->
        <test-method is-config="true" signature="tearDown()[pri:0, instance:com.vspace.qa.TestCases.LoginTest@3e34ace1]" started-at="2024-03-05T10:15:38 IST" name="tearDown" finished-at="2024-03-05T10:15:39 IST" duration-ms="129" status="PASS">
          <reporter-output>
          </reporter-output>
        </test-method> <!-- tearDown -->
        <test-method is-config="true" signature="initialization()[pri:0, instance:com.vspace.qa.TestCases.LoginTest@3e34ace1]" started-at="2024-03-05T10:15:39 IST" name="initialization" finished-at="2024-03-05T10:15:41 IST" duration-ms="2345" status="PASS">
          <reporter-output>
          </reporter-output>
        </test-method> <!-- initialization -->
        <test-method signature="TC006_chckblankemailPassws_LoginTest()[pri:0, instance:com.vspace.qa.TestCases.LoginTest@3e34ace1]" started-at="2024-03-05T10:15:41 IST" name="TC006_chckblankemailPassws_LoginTest" finished-at="2024-03-05T10:15:41 IST" duration-ms="427" status="PASS">
          <reporter-output>
          </reporter-output>
        </test-method> <!-- TC006_chckblankemailPassws_LoginTest -->
        <test-method is-config="true" signature="tearDown()[pri:0, instance:com.vspace.qa.TestCases.LoginTest@3e34ace1]" started-at="2024-03-05T10:15:41 IST" name="tearDown" finished-at="2024-03-05T10:15:42 IST" duration-ms="121" status="PASS">
          <reporter-output>
          </reporter-output>
        </test-method> <!-- tearDown -->
        <test-method is-config="true" signature="initialization()[pri:0, instance:com.vspace.qa.TestCases.LoginTest@3e34ace1]" started-at="2024-03-05T10:15:42 IST" name="initialization" finished-at="2024-03-05T10:15:44 IST" duration-ms="2278" status="PASS">
          <reporter-output>
          </reporter-output>
        </test-method> <!-- initialization -->
        <test-method signature="TC004_chckblankemail_LoginTest()[pri:0, instance:com.vspace.qa.TestCases.LoginTest@3e34ace1]" started-at="2024-03-05T10:15:44 IST" name="TC004_chckblankemail_LoginTest" finished-at="2024-03-05T10:15:44 IST" depends-on-methods="com.vspace.qa.TestCases.LoginTest.TC003_chckInvldPasswd_LoginTest" duration-ms="452" status="PASS">
          <reporter-output>
          </reporter-output>
        </test-method> <!-- TC004_chckblankemail_LoginTest -->
        <test-method is-config="true" signature="tearDown()[pri:0, instance:com.vspace.qa.TestCases.LoginTest@3e34ace1]" started-at="2024-03-05T10:15:44 IST" name="tearDown" finished-at="2024-03-05T10:15:44 IST" duration-ms="126" status="PASS">
          <reporter-output>
          </reporter-output>
        </test-method> <!-- tearDown -->
      </class> <!-- com.vspace.qa.TestCases.LoginTest -->
      <class name="com.vspace.qa.TestCases.OpportunityListingTest">
        <test-method is-config="true" signature="initialization()[pri:0, instance:com.vspace.qa.TestCases.OpportunityListingTest@74cadd41]" started-at="2024-03-05T10:15:44 IST" name="initialization" finished-at="2024-03-05T10:15:49 IST" duration-ms="4740" status="PASS">
          <reporter-output>
          </reporter-output>
        </test-method> <!-- initialization -->
        <test-method signature="TC007_opportunityBtn_clcksuccess()[pri:0, instance:com.vspace.qa.TestCases.OpportunityListingTest@74cadd41]" started-at="2024-03-05T10:15:49 IST" name="TC007_opportunityBtn_clcksuccess" finished-at="2024-03-05T10:15:51 IST" duration-ms="1540" status="PASS">
          <reporter-output>
          </reporter-output>
        </test-method> <!-- TC007_opportunityBtn_clcksuccess -->
        <test-method is-config="true" signature="tearDown()[pri:0, instance:com.vspace.qa.TestCases.OpportunityListingTest@74cadd41]" started-at="2024-03-05T10:15:51 IST" name="tearDown" finished-at="2024-03-05T10:15:51 IST" duration-ms="149" status="PASS">
          <reporter-output>
          </reporter-output>
        </test-method> <!-- tearDown -->
        <test-method is-config="true" signature="initialization()[pri:0, instance:com.vspace.qa.TestCases.OpportunityListingTest@74cadd41]" started-at="2024-03-05T10:15:51 IST" name="initialization" finished-at="2024-03-05T10:15:55 IST" duration-ms="4265" status="PASS">
          <reporter-output>
          </reporter-output>
        </test-method> <!-- initialization -->
        <test-method signature="TC008_oppListcountChck()[pri:0, instance:com.vspace.qa.TestCases.OpportunityListingTest@74cadd41]" started-at="2024-03-05T10:15:55 IST" name="TC008_oppListcountChck" finished-at="2024-03-05T10:15:57 IST" duration-ms="2163" status="PASS">
          <reporter-output>
          </reporter-output>
        </test-method> <!-- TC008_oppListcountChck -->
        <test-method is-config="true" signature="tearDown()[pri:0, instance:com.vspace.qa.TestCases.OpportunityListingTest@74cadd41]" started-at="2024-03-05T10:15:57 IST" name="tearDown" finished-at="2024-03-05T10:15:58 IST" duration-ms="134" status="PASS">
          <reporter-output>
          </reporter-output>
        </test-method> <!-- tearDown -->
      </class> <!-- com.vspace.qa.TestCases.OpportunityListingTest -->
    </test> <!-- vspace_TestProject -->
  </suite> <!-- vspace_TestSuite -->
</testng-results>
